<?xml version="1.0" encoding="UTF-8"?>
<testsuite xmlns:xsi="http://www.w3.org/2001/XMLSchema-instance" xsi:noNamespaceSchemaLocation="https://maven.apache.org/surefire/maven-surefire-plugin/xsd/surefire-test-report.xsd" name="test.nz.ac.vuw.swen301.assignment3.Resthome4LogsAppenderTests" time="0.797" tests="8" errors="0" skipped="0" failures="0">
  <properties>
[...]
</properties>
  <testcase name="AppenderCacheTest" classname="test.nz.ac.vuw.swen301.assignment3.Resthome4LogsAppenderTests" time="0.527"/>
  <testcase name="AppenderUUIDTest" classname="test.nz.ac.vuw.swen301.assignment3.Resthome4LogsAppenderTests" time="0.008"/>
  <testcase name="AppenderTimeStampTest" classname="test.nz.ac.vuw.swen301.assignment3.Resthome4LogsAppenderTests" time="0.009"/>
  <testcase name="INFOAppenderTest3" classname="test.nz.ac.vuw.swen301.assignment3.Resthome4LogsAppenderTests" time="0.036"/>
  <testcase name="ERRORAppenderTest3" classname="test.nz.ac.vuw.swen301.assignment3.Resthome4LogsAppenderTests" time="0.035"/>
  <testcase name="DEBUGAppenderTest3" classname="test.nz.ac.vuw.swen301.assignment3.Resthome4LogsAppenderTests" time="0.034"/>
  <testcase name="WARNAppenderTest3" classname="test.nz.ac.vuw.swen301.assignment3.Resthome4LogsAppenderTests" time="0.047"/>
  <testcase name="FATALAppenderTest3" classname="test.nz.ac.vuw.swen301.assignment3.Resthome4LogsAppenderTests" time="0.05"/>
</testsuite>